test/patches/TCGA-50-6597-01Z-00-DX1 is detected as: benign
test/patches/TCGA-69-A59K-01Z-00-DX1 is detected as: benign
test/patches/TCGA-86-A4D0-01Z-00-DX1 is detected as: benign
test/patches/TCGA-55-6968-01Z-00-DX1 is detected as: benign
test/patches/TCGA-55-8511-01Z-00-DX1 is detected as: benign
test/patches/TCGA-44-7670-01Z-00-DX1 is detected as: benign
test/patches/TCGA-55-7910-01Z-00-DX1 is detected as: benign
test/patches/TCGA-44-3919-01Z-00-DX1 is detected as: benign
test/patches/TCGA-55-1592-01Z-00-DX1 is detected as: benign
test/patches/TCGA-93-A4JP-01Z-00-DX1 is detected as: benign
test/patches/TCGA-55-6978-01Z-00-DX1 is detected as: benign
test/patches/TCGA-69-7978-01Z-00-DX1 is detected as: benign
test/patches/TCGA-49-4514-01Z-00-DX3 is detected as: benign
test/patches/TCGA-71-6725-01Z-00-DX1 is detected as: benign
test/patches/TCGA-73-4658-01Z-00-DX1 is detected as: benign
test/patches/TCGA-73-4666-01Z-00-DX1 is detected as: benign
test/patches/TCGA-78-7147-01Z-00-DX1 is detected as: benign
test/patches/TCGA-86-8585-01Z-00-DX1 is detected as: benign
test/patches/TCGA-44-6146-01Z-00-DX1 is detected as: benign
test/patches/TCGA-49-4512-01Z-00-DX5 is detected as: benign
test/patches/TCGA-55-6986-01Z-00-DX1 is detected as: benign
test/patches/TCGA-86-8359-01Z-00-DX1 is detected as: benign
test/patches/TCGA-44-5643-01Z-00-DX1 is detected as: benign
test/patches/TCGA-95-A4VK-01Z-00-DX1 is detected as: benign
test/patches/TCGA-49-6745-01Z-00-DX4 is detected as: benign
test/patches/TCGA-44-6148-01Z-00-DX1 is detected as: benign
test/patches/TCGA-55-7903-01Z-00-DX1 is detected as: benign
test/patches/TCGA-50-5068-01Z-00-DX2 is detected as: benign
test/patches/TCGA-55-8616-01Z-00-DX1 is detected as: benign
test/patches/TCGA-44-A4SU-01Z-00-DX1 is detected as: benign
test/patches/TCGA-55-7281-01Z-00-DX1 is detected as: benign
test/patches/TCGA-NJ-A4YG-01Z-00-DX1 is detected as: benign
test/patches/TCGA-86-8668-01Z-00-DX1 is detected as: benign
test/patches/TCGA-93-8067-01Z-00-DX1 is detected as: benign
test/patches/TCGA-44-7660-01Z-00-DX1 is detected as: benign
test/patches/TCGA-86-8055-01Z-00-DX1 is detected as: benign
test/patches/TCGA-44-A47F-01Z-00-DX1 is detected as: benign
test/patches/TCGA-55-8207-01Z-00-DX1 is detected as: benign
test/patches/TCGA-55-8085-01Z-00-DX1 is detected as: benign
test/patches/TCGA-44-A47A-01Z-00-DX1 is detected as: benign
test/patches/TCGA-86-7711-01Z-00-DX1 is detected as: benign
test/patches/TCGA-99-8025-01Z-00-DX1 is detected as: benign
test/patches/TCGA-44-7669-01Z-00-DX1 is detected as: benign
test/patches/TCGA-97-8175-01Z-00-DX1 is detected as: benign
test/patches/TCGA-50-8457-01Z-00-DX1 is detected as: benign
test/patches/TCGA-49-6742-01Z-00-DX3 is detected as: benign
test/patches/TCGA-67-3770-01Z-00-DX1 is detected as: benign
test/patches/TCGA-97-7546-01Z-00-DX1 is detected as: benign
test/patches/TCGA-64-5774-01Z-00-DX1 is detected as: benign
test/patches/TCGA-73-4668-01Z-00-DX1 is detected as: benign
test/patches/TCGA-50-6591-01Z-00-DX1 is detected as: benign
test/patches/TCGA-49-AAQV-01Z-00-DX1 is detected as: benign
test/patches/TCGA-MP-A4TK-01Z-00-DX1 is detected as: benign
test/patches/TCGA-44-7672-01Z-00-DX1 is detected as: benign
test/patches/TCGA-86-8076-01Z-00-DX1 is detected as: benign
test/patches/TCGA-49-4506-01Z-00-DX3 is detected as: benign
test/patches/TCGA-50-5044-01Z-00-DX1 is detected as: benign
test/patches/TCGA-38-4632-01Z-00-DX1 is detected as: benign
test/patches/TCGA-62-A46V-01Z-00-DX1 is detected as: benign
test/patches/TCGA-99-7458-01Z-00-DX1 is detected as: benign
test/patches/TCGA-78-8640-01Z-00-DX1 is detected as: benign
test/patches/TCGA-78-7163-01Z-00-DX1 is detected as: benign
test/patches/TCGA-86-A4P7-01Z-00-DX1 is detected as: benign
test/patches/TCGA-MP-A5C7-01Z-00-DX1 is detected as: benign
test/patches/TCGA-49-AARO-01Z-00-DX1 is detected as: benign
test/patches/TCGA-97-A4M7-01Z-00-DX1 is detected as: benign
test/patches/TCGA-55-7227-01Z-00-DX1 is detected as: benign
test/patches/TCGA-44-2659-01Z-00-DX1 is detected as: benign
test/patches/TCGA-86-8669-01Z-00-DX1 is detected as: benign
test/patches/TCGA-73-4659-01Z-00-DX1 is detected as: benign
test/patches/TCGA-J2-A4AD-01Z-00-DX1 is detected as: benign
test/patches/TCGA-55-6982-01Z-00-DX1 is detected as: benign
test/patches/TCGA-55-8512-01Z-00-DX1 is detected as: benign
test/patches/TCGA-44-6778-01Z-00-DX1 is detected as: benign
test/patches/TCGA-55-7816-01Z-00-DX1 is detected as: benign
test/patches/TCGA-73-4662-01Z-00-DX1 is detected as: benign
test/patches/TCGA-49-4505-01Z-00-DX2 is detected as: benign
test/patches/TCGA-55-8096-01Z-00-DX1 is detected as: benign
test/patches/TCGA-62-A471-01Z-00-DX1 is detected as: benign
test/patches/TCGA-50-6593-01Z-00-DX1 is detected as: benign
